<?xml version="1.0" encoding="UTF-8"?>
<!-- Generated by org.testng.reporters.JUnitReportReporter -->
<testsuite hostname="DESKTOP-5EPAMQ5" failures="0" tests="1" name="com.training.sanity.tests.TakeAssesmentTest" time="135.340" errors="0" timestamp="2020-07-06T02:50:09 IST" skipped="0">
  <testcase classname="com.training.sanity.tests.TakeAssesmentTest" name="takequizTest" time="135.340"/>
  <system-out/>
</testsuite> <!-- com.training.sanity.tests.TakeAssesmentTest -->
