<?xml version="1.0" encoding="UTF-8"?>
<!-- Generated by org.testng.reporters.JUnitReportReporter -->
<testsuite hostname="DESKTOP-5EPAMQ5" failures="0" tests="1" name="com.training.sanity.tests.ViewCourseTests" time="22.398" errors="0" timestamp="2020-06-29T02:25:02 IST" skipped="0">
  <testcase classname="com.training.sanity.tests.ViewCourseTests" name="ChangepasswordTest" time="22.398"/>
  <system-out/>
</testsuite> <!-- com.training.sanity.tests.ViewCourseTests -->
