<?xml version="1.0" encoding="UTF-8"?>
<!-- Generated by org.testng.reporters.JUnitReportReporter -->
<testsuite hostname="DESKTOP-5EPAMQ5" failures="0" tests="1" name="com.training.sanity.tests.SubscribeAndTakeQuizTest" time="172.131" errors="0" timestamp="2020-07-06T10:25:12 IST" skipped="0">
  <testcase classname="com.training.sanity.tests.SubscribeAndTakeQuizTest" name="takequizTest" time="172.131"/>
  <system-out/>
</testsuite> <!-- com.training.sanity.tests.SubscribeAndTakeQuizTest -->
