<?xml version="1.0" encoding="UTF-8"?>
<!-- Generated by org.testng.reporters.JUnitReportReporter -->
<testsuite hostname="DESKTOP-5EPAMQ5" failures="0" tests="1" name="com.training.sanity.tests.LoginTests" time="23.030" errors="0" timestamp="2020-06-29T00:46:34 IST" skipped="0">
  <testcase classname="com.training.sanity.tests.LoginTests" name="validLoginTest" time="23.030"/>
  <system-out/>
</testsuite> <!-- com.training.sanity.tests.LoginTests -->
