<?xml version="1.0" encoding="UTF-8"?>
<!-- Generated by org.testng.reporters.JUnitReportReporter -->
<testsuite hostname="DESKTOP-5EPAMQ5" failures="0" tests="1" name="com.training.sanity.tests.ChangepasswordTest" time="26.337" errors="0" timestamp="2020-06-29T02:31:10 IST" skipped="0">
  <testcase classname="com.training.sanity.tests.ChangepasswordTest" name="ChangepasswordTest" time="26.337"/>
  <system-out/>
</testsuite> <!-- com.training.sanity.tests.ChangepasswordTest -->
