<?xml version="1.0" encoding="UTF-8"?>
<!-- Generated by org.testng.reporters.JUnitReportReporter -->
<testsuite hostname="DESKTOP-5EPAMQ5" failures="0" tests="1" name="com.training.sanity.tests.AddProjectTest" time="79.220" errors="0" timestamp="2020-07-06T01:53:20 IST" skipped="0">
  <testcase classname="com.training.sanity.tests.AddProjectTest" name="AddProjectTestSuccess" time="79.220"/>
  <system-out/>
</testsuite> <!-- com.training.sanity.tests.AddProjectTest -->
